\BOOKMARK [1][-]{section.0.1}{Cercles de puissances}{}% 1
\BOOKMARK [2][-]{subsection.0.1.1}{Les Types}{section.0.1}% 2
\BOOKMARK [2][-]{subsection.0.1.2}{Les Classes Divins \(inverse des secm p\351ch\351s capitaux\)}{section.0.1}% 3
\BOOKMARK [2][-]{subsection.0.1.3}{Les Classes D\351moniaques \(les secm p\351ch\351s capitaux\)}{section.0.1}% 4
\BOOKMARK [2][-]{subsection.0.1.4}{Les Rapaces}{section.0.1}% 5
\BOOKMARK [2][-]{subsection.0.1.5}{Humains}{section.0.1}% 6
\BOOKMARK [2][-]{subsection.0.1.6}{B\352tes Divines}{section.0.1}% 7
\BOOKMARK [2][-]{subsection.0.1.7}{B\352tes D\351moniaques}{section.0.1}% 8
\BOOKMARK [2][-]{subsection.0.1.8}{Dragons}{section.0.1}% 9
\BOOKMARK [2][-]{subsection.0.1.9}{Les m\351taux pr\351cieux}{section.0.1}% 10
\BOOKMARK [2][-]{subsection.0.1.10}{\311l\351ments}{section.0.1}% 11
\BOOKMARK [1][-]{section.0.2}{Level}{}% 12
\BOOKMARK [2][-]{subsection.0.2.1}{Upgrade de classe}{section.0.2}% 13
\BOOKMARK [2][-]{subsection.0.2.2}{Sorts / aptitude}{section.0.2}% 14
\BOOKMARK [1][-]{section.0.3}{Les phases de combats}{}% 15
\BOOKMARK [2][-]{subsection.0.3.1}{Menu de combats}{section.0.3}% 16
\BOOKMARK [2][-]{subsection.0.3.2}{Nombre de tours}{section.0.3}% 17
\BOOKMARK [2][-]{subsection.0.3.3}{Attaques}{section.0.3}% 18
\BOOKMARK [2][-]{subsection.0.3.4}{D\351placements}{section.0.3}% 19
\BOOKMARK [2][-]{subsection.0.3.5}{Les objets}{section.0.3}% 20
\BOOKMARK [1][-]{section.0.4}{L'environnement}{}% 21
\BOOKMARK [1][-]{section.0.5}{Interaction}{}% 22
\BOOKMARK [1][-]{section.0.6}{infra structure}{}% 23
\BOOKMARK [1][-]{section.0.7}{Base de donn\351es}{}% 24
\BOOKMARK [2][-]{subsection.0.7.1}{Les \351l\351ments}{section.0.7}% 25
\BOOKMARK [2][-]{subsection.0.7.2}{Les Personnages}{section.0.7}% 26
\BOOKMARK [2][-]{subsection.0.7.3}{Les obstacles}{section.0.7}% 27
\BOOKMARK [2][-]{subsection.0.7.4}{Environnement}{section.0.7}% 28
\BOOKMARK [2][-]{subsection.0.7.5}{Les infrastructures}{section.0.7}% 29
